

============================== 2022-09-08 11:36:42.346354 | c6106ea4-5494-489d-a41e-2a8d4cb4f506 ==============================
[0m11:36:42.346354 [info ] [MainThread]: Running with dbt=1.2.1
[0m11:36:42.347352 [debug] [MainThread]: running dbt with arguments {'write_json': True, 'use_colors': True, 'printer_width': 80, 'version_check': True, 'partial_parse': True, 'static_parser': True, 'profiles_dir': 'C:\\Users\\doruk.senay\\.dbt', 'send_anonymous_usage_stats': True, 'event_buffer_size': 100000, 'quiet': False, 'no_print': False, 'config_dir': False, 'which': 'debug', 'indirect_selection': 'eager'}
[0m11:36:42.347352 [debug] [MainThread]: Tracking: tracking
[0m11:36:42.354353 [debug] [MainThread]: Sending event: {'category': 'dbt', 'action': 'invocation', 'label': 'start', 'context': [<snowplow_tracker.self_describing_json.SelfDescribingJson object at 0x000001E3EE25A6B0>, <snowplow_tracker.self_describing_json.SelfDescribingJson object at 0x000001E3EE25B730>, <snowplow_tracker.self_describing_json.SelfDescribingJson object at 0x000001E3EE25B490>]}
[0m11:36:42.979348 [debug] [MainThread]: Executing "git --help"
[0m11:36:43.013457 [debug] [MainThread]: STDOUT: "b"usage: git [--version] [--help] [-C <path>] [-c <name>=<value>]\n           [--exec-path[=<path>]] [--html-path] [--man-path] [--info-path]\n           [-p | --paginate | -P | --no-pager] [--no-replace-objects] [--bare]\n           [--git-dir=<path>] [--work-tree=<path>] [--namespace=<name>]\n           [--super-prefix=<path>] [--config-env=<name>=<envvar>]\n           <command> [<args>]\n\nThese are common Git commands used in various situations:\n\nstart a working area (see also: git help tutorial)\n   clone     Clone a repository into a new directory\n   init      Create an empty Git repository or reinitialize an existing one\n\nwork on the current change (see also: git help everyday)\n   add       Add file contents to the index\n   mv        Move or rename a file, a directory, or a symlink\n   restore   Restore working tree files\n   rm        Remove files from the working tree and from the index\n\nexamine the history and state (see also: git help revisions)\n   bisect    Use binary search to find the commit that introduced a bug\n   diff      Show changes between commits, commit and working tree, etc\n   grep      Print lines matching a pattern\n   log       Show commit logs\n   show      Show various types of objects\n   status    Show the working tree status\n\ngrow, mark and tweak your common history\n   branch    List, create, or delete branches\n   commit    Record changes to the repository\n   merge     Join two or more development histories together\n   rebase    Reapply commits on top of another base tip\n   reset     Reset current HEAD to the specified state\n   switch    Switch branches\n   tag       Create, list, delete or verify a tag object signed with GPG\n\ncollaborate (see also: git help workflows)\n   fetch     Download objects and refs from another repository\n   pull      Fetch from and integrate with another repository or a local branch\n   push      Update remote refs along with associated objects\n\n'git help -a' and 'git help -g' list available subcommands and some\nconcept guides. See 'git help <command>' or 'git help <concept>'\nto read about a specific subcommand or concept.\nSee 'git help git' for an overview of the system.\n""
[0m11:36:43.013457 [debug] [MainThread]: STDERR: "b''"
[0m11:36:43.018456 [debug] [MainThread]: Acquiring new snowflake connection "debug"
[0m11:36:43.018456 [debug] [MainThread]: Using snowflake connection "debug"
[0m11:36:43.019479 [debug] [MainThread]: On debug: select 1 as id
[0m11:36:43.019479 [debug] [MainThread]: Opening a new connection, currently in state init
[0m11:36:44.248477 [debug] [MainThread]: SQL status: SUCCESS 1 in 1.23 seconds
[0m11:36:44.249518 [debug] [MainThread]: On debug: Close
[0m11:36:44.625284 [debug] [MainThread]: Sending event: {'category': 'dbt', 'action': 'invocation', 'label': 'end', 'context': [<snowplow_tracker.self_describing_json.SelfDescribingJson object at 0x000001E3FF1FBEB0>, <snowplow_tracker.self_describing_json.SelfDescribingJson object at 0x000001E3FEF88B50>, <snowplow_tracker.self_describing_json.SelfDescribingJson object at 0x000001E3FEF8AEF0>]}
[0m11:36:44.626300 [debug] [MainThread]: Flushing usage events
[0m11:36:45.291514 [debug] [MainThread]: Connection 'debug' was properly closed.


============================== 2022-09-09 07:34:20.798272 | 40bde7f4-1e4a-451a-9ba0-c884cbf3e54a ==============================
[0m07:34:20.798272 [info ] [MainThread]: Running with dbt=1.2.1
[0m07:34:20.799251 [debug] [MainThread]: running dbt with arguments {'write_json': True, 'use_colors': True, 'printer_width': 80, 'version_check': True, 'partial_parse': True, 'static_parser': True, 'profiles_dir': 'C:\\Users\\doruk.senay\\.dbt', 'send_anonymous_usage_stats': True, 'event_buffer_size': 100000, 'quiet': False, 'no_print': False, 'config_dir': False, 'which': 'debug', 'indirect_selection': 'eager'}
[0m07:34:20.799251 [debug] [MainThread]: Tracking: tracking
[0m07:34:20.805252 [debug] [MainThread]: Sending event: {'category': 'dbt', 'action': 'invocation', 'label': 'start', 'context': [<snowplow_tracker.self_describing_json.SelfDescribingJson object at 0x000001E87ED9B370>, <snowplow_tracker.self_describing_json.SelfDescribingJson object at 0x000001E87ED9B8E0>, <snowplow_tracker.self_describing_json.SelfDescribingJson object at 0x000001E87ED9B670>]}
[0m07:34:21.985940 [debug] [MainThread]: Executing "git --help"
[0m07:34:22.015943 [debug] [MainThread]: STDOUT: "b"usage: git [--version] [--help] [-C <path>] [-c <name>=<value>]\n           [--exec-path[=<path>]] [--html-path] [--man-path] [--info-path]\n           [-p | --paginate | -P | --no-pager] [--no-replace-objects] [--bare]\n           [--git-dir=<path>] [--work-tree=<path>] [--namespace=<name>]\n           [--super-prefix=<path>] [--config-env=<name>=<envvar>]\n           <command> [<args>]\n\nThese are common Git commands used in various situations:\n\nstart a working area (see also: git help tutorial)\n   clone     Clone a repository into a new directory\n   init      Create an empty Git repository or reinitialize an existing one\n\nwork on the current change (see also: git help everyday)\n   add       Add file contents to the index\n   mv        Move or rename a file, a directory, or a symlink\n   restore   Restore working tree files\n   rm        Remove files from the working tree and from the index\n\nexamine the history and state (see also: git help revisions)\n   bisect    Use binary search to find the commit that introduced a bug\n   diff      Show changes between commits, commit and working tree, etc\n   grep      Print lines matching a pattern\n   log       Show commit logs\n   show      Show various types of objects\n   status    Show the working tree status\n\ngrow, mark and tweak your common history\n   branch    List, create, or delete branches\n   commit    Record changes to the repository\n   merge     Join two or more development histories together\n   rebase    Reapply commits on top of another base tip\n   reset     Reset current HEAD to the specified state\n   switch    Switch branches\n   tag       Create, list, delete or verify a tag object signed with GPG\n\ncollaborate (see also: git help workflows)\n   fetch     Download objects and refs from another repository\n   pull      Fetch from and integrate with another repository or a local branch\n   push      Update remote refs along with associated objects\n\n'git help -a' and 'git help -g' list available subcommands and some\nconcept guides. See 'git help <command>' or 'git help <concept>'\nto read about a specific subcommand or concept.\nSee 'git help git' for an overview of the system.\n""
[0m07:34:22.015943 [debug] [MainThread]: STDERR: "b''"
[0m07:34:22.018942 [debug] [MainThread]: Acquiring new snowflake connection "debug"
[0m07:34:22.018942 [debug] [MainThread]: Using snowflake connection "debug"
[0m07:34:22.018942 [debug] [MainThread]: On debug: select 1 as id
[0m07:34:22.019941 [debug] [MainThread]: Opening a new connection, currently in state init
[0m07:34:23.291326 [debug] [MainThread]: SQL status: SUCCESS 1 in 1.27 seconds
[0m07:34:23.292423 [debug] [MainThread]: On debug: Close
[0m07:34:23.734469 [debug] [MainThread]: Sending event: {'category': 'dbt', 'action': 'invocation', 'label': 'end', 'context': [<snowplow_tracker.self_describing_json.SelfDescribingJson object at 0x000001E80EB60280>, <snowplow_tracker.self_describing_json.SelfDescribingJson object at 0x000001E810521900>, <snowplow_tracker.self_describing_json.SelfDescribingJson object at 0x000001E810520070>]}
[0m07:34:23.734469 [debug] [MainThread]: Flushing usage events
[0m07:34:24.461372 [debug] [MainThread]: Connection 'debug' was properly closed.
